# JRE version: OpenJDK Runtime Environment (24.0.2+12) (build 24.0.2+12)
# Java VM: OpenJDK 64-Bit Server VM (24.0.2+12, mixed mode, sharing, tiered, compressed oops, compressed class ptrs, g1 gc, bsd-aarch64)
Heap:
 garbage-first heap   total reserved 2097152K, committed 107520K, used 49319K [0x0000000300800000, 0x0000000380800000)
  region size 1024K, 6 young (6144K), 1 survivors (1024K)
 Metaspace       used 25067K, committed 25344K, reserved 1114112K
  class space    used 2100K, committed 2240K, reserved 1048576K
GC Heap History (20 events):
Event: 44.526 GC heap before
{Heap before GC invocations=370 (full 0):
 garbage-first heap   total reserved 2097152K, committed 107520K, used 48799K [0x0000000300800000, 0x0000000380800000)
  region size 1024K, 5 young (5120K), 1 survivors (1024K)
 Metaspace       used 25018K, committed 25344K, reserved 1114112K
  class space    used 2090K, committed 2240K, reserved 1048576K
}
Event: 44.527 GC heap after
{Heap after GC invocations=371 (full 0):
 garbage-first heap   total reserved 2097152K, committed 107520K, used 26273K [0x0000000300800000, 0x0000000380800000)
  region size 1024K, 1 young (1024K), 1 survivors (1024K)
 Metaspace       used 25018K, committed 25344K, reserved 1114112K
  class space    used 2090K, committed 2240K, reserved 1048576K
}
Event: 44.627 GC heap before
{Heap before GC invocations=371 (full 0):
 garbage-first heap   total reserved 2097152K, committed 107520K, used 48801K [0x0000000300800000, 0x0000000380800000)
  region size 1024K, 5 young (5120K), 1 survivors (1024K)
 Metaspace       used 25018K, committed 25344K, reserved 1114112K
  class space    used 2090K, committed 2240K, reserved 1048576K
}
Event: 44.628 GC heap after
{Heap after GC invocations=372 (full 0):
 garbage-first heap   total reserved 2097152K, committed 107520K, used 26275K [0x0000000300800000, 0x0000000380800000)
  region size 1024K, 1 young (1024K), 1 survivors (1024K)
 Metaspace       used 25018K, committed 25344K, reserved 1114112K
  class space    used 2090K, committed 2240K, reserved 1048576K
}
Event: 44.727 GC heap before
{Heap before GC invocations=372 (full 0):
 garbage-first heap   total reserved 2097152K, committed 107520K, used 48803K [0x0000000300800000, 0x0000000380800000)
  region size 1024K, 5 young (5120K), 1 survivors (1024K)
 Metaspace       used 25018K, committed 25344K, reserved 1114112K
  class space    used 2090K, committed 2240K, reserved 1048576K
}
Event: 44.727 GC heap after
{Heap after GC invocations=373 (full 0):
 garbage-first heap   total reserved 2097152K, committed 107520K, used 26271K [0x0000000300800000, 0x0000000380800000)
  region size 1024K, 1 young (1024K), 1 survivors (1024K)
 Metaspace       used 25018K, committed 25344K, reserved 1114112K
  class space    used 2090K, committed 2240K, reserved 1048576K
}
Event: 44.827 GC heap before
{Heap before GC invocations=373 (full 0):
 garbage-first heap   total reserved 2097152K, committed 107520K, used 48799K [0x0000000300800000, 0x0000000380800000)
  region size 1024K, 5 young (5120K), 1 survivors (1024K)
 Metaspace       used 25018K, committed 25344K, reserved 1114112K
  class space    used 2090K, committed 2240K, reserved 1048576K
}
Event: 44.827 GC heap after
{Heap after GC invocations=374 (full 0):
 garbage-first heap   total reserved 2097152K, committed 107520K, used 26273K [0x0000000300800000, 0x0000000380800000)
  region size 1024K, 1 young (1024K), 1 survivors (1024K)
 Metaspace       used 25018K, committed 25344K, reserved 1114112K
  class space    used 2090K, committed 2240K, reserved 1048576K
}
Event: 44.927 GC heap before
{Heap before GC invocations=374 (full 0):
 garbage-first heap   total reserved 2097152K, committed 107520K, used 48801K [0x0000000300800000, 0x0000000380800000)
  region size 1024K, 5 young (5120K), 1 survivors (1024K)
 Metaspace       used 25018K, committed 25344K, reserved 1114112K
  class space    used 2090K, committed 2240K, reserved 1048576K
}
Event: 44.927 GC heap after
{Heap after GC invocations=375 (full 0):
 garbage-first heap   total reserved 2097152K, committed 107520K, used 26271K [0x0000000300800000, 0x0000000380800000)
  region size 1024K, 1 young (1024K), 1 survivors (1024K)
 Metaspace       used 25018K, committed 25344K, reserved 1114112K
  class space    used 2090K, committed 2240K, reserved 1048576K
}
Event: 45.027 GC heap before
{Heap before GC invocations=375 (full 0):
 garbage-first heap   total reserved 2097152K, committed 107520K, used 48799K [0x0000000300800000, 0x0000000380800000)
  region size 1024K, 5 young (5120K), 1 survivors (1024K)
 Metaspace       used 25018K, committed 25344K, reserved 1114112K
  class space    used 2090K, committed 2240K, reserved 1048576K
}
Event: 45.027 GC heap after
{Heap after GC invocations=376 (full 0):
 garbage-first heap   total reserved 2097152K, committed 107520K, used 26277K [0x0000000300800000, 0x0000000380800000)
  region size 1024K, 1 young (1024K), 1 survivors (1024K)
 Metaspace       used 25018K, committed 25344K, reserved 1114112K
  class space    used 2090K, committed 2240K, reserved 1048576K
}
Event: 45.127 GC heap before
{Heap before GC invocations=376 (full 0):
 garbage-first heap   total reserved 2097152K, committed 107520K, used 48805K [0x0000000300800000, 0x0000000380800000)
  region size 1024K, 5 young (5120K), 1 survivors (1024K)
 Metaspace       used 25018K, committed 25344K, reserved 1114112K
  class space    used 2090K, committed 2240K, reserved 1048576K
}
Event: 45.127 GC heap after
{Heap after GC invocations=377 (full 0):
 garbage-first heap   total reserved 2097152K, committed 107520K, used 26275K [0x0000000300800000, 0x0000000380800000)
  region size 1024K, 1 young (1024K), 1 survivors (1024K)
 Metaspace       used 25018K, committed 25344K, reserved 1114112K
  class space    used 2090K, committed 2240K, reserved 1048576K
}
Event: 45.227 GC heap before
{Heap before GC invocations=377 (full 0):
 garbage-first heap   total reserved 2097152K, committed 107520K, used 48803K [0x0000000300800000, 0x0000000380800000)
  region size 1024K, 5 young (5120K), 1 survivors (1024K)
 Metaspace       used 25018K, committed 25344K, reserved 1114112K
  class space    used 2090K, committed 2240K, reserved 1048576K
}
Event: 45.227 GC heap after
{Heap after GC invocations=378 (full 0):
 garbage-first heap   total reserved 2097152K, committed 107520K, used 26271K [0x0000000300800000, 0x0000000380800000)
  region size 1024K, 1 young (1024K), 1 survivors (1024K)
 Metaspace       used 25018K, committed 25344K, reserved 1114112K
  class space    used 2090K, committed 2240K, reserved 1048576K
}
Event: 45.327 GC heap before
{Heap before GC invocations=378 (full 0):
 garbage-first heap   total reserved 2097152K, committed 107520K, used 48799K [0x0000000300800000, 0x0000000380800000)
  region size 1024K, 5 young (5120K), 1 survivors (1024K)
 Metaspace       used 25018K, committed 25344K, reserved 1114112K
  class space    used 2090K, committed 2240K, reserved 1048576K
}
Event: 45.327 GC heap after
{Heap after GC invocations=379 (full 0):
 garbage-first heap   total reserved 2097152K, committed 107520K, used 26277K [0x0000000300800000, 0x0000000380800000)
  region size 1024K, 1 young (1024K), 1 survivors (1024K)
 Metaspace       used 25018K, committed 25344K, reserved 1114112K
  class space    used 2090K, committed 2240K, reserved 1048576K
}
Event: 45.427 GC heap before
{Heap before GC invocations=379 (full 0):
 garbage-first heap   total reserved 2097152K, committed 107520K, used 46757K [0x0000000300800000, 0x0000000380800000)
  region size 1024K, 3 young (3072K), 1 survivors (1024K)
 Metaspace       used 25018K, committed 25344K, reserved 1114112K
  class space    used 2090K, committed 2240K, reserved 1048576K
}
Event: 45.427 GC heap after
{Heap after GC invocations=380 (full 0):
 garbage-first heap   total reserved 2097152K, committed 107520K, used 26279K [0x0000000300800000, 0x0000000380800000)
  region size 1024K, 1 young (1024K), 1 survivors (1024K)
 Metaspace       used 25018K, committed 25344K, reserved 1114112K
  class space    used 2090K, committed 2240K, reserved 1048576K
}

